DiagnosticsPlugin.exe Information: 0 : [04/12/2016 14:16:57] Starting DiagnosticPlugin.exe DiagnosticPlugin-ShutdownEvent DiagnosticPlugin-TotalShutdownEvent -wadVer1v5
DiagnosticsPlugin.exe Information: 0 : [04/12/2016 14:16:57] Successfully saved IIS Directory state
DiagnosticsPlugin.exe Information: 0 : [04/12/2016 14:16:57] Starting DiagnosticsPlugin
DiagnosticsPlugin.exe Information: 0 : [04/12/2016 14:16:57] Emulator config file set to c:\github\AzureCloudService1\AzureCloudService1\csx\Debug\roles\WorkerRole1\approot\diagnostics.wadcfgx
DiagnosticsPlugin.exe Information: 0 : [04/12/2016 14:16:57] DiagnosticsStoreRootPath set to: C:\Users\alex\AppData\Local\dftmp\Resources\959ccfed-947e-4dfe-9337-6efa884308e2
DiagnosticsPlugin.exe Information: 0 : [04/12/2016 14:16:57] Loading config file: c:\github\AzureCloudService1\AzureCloudService1\csx\Debug\roles\WorkerRole1\approot\diagnostics.wadcfgx
DiagnosticsPlugin.exe Information: 0 : [04/12/2016 14:16:57] Config file to read: c:\github\AzureCloudService1\AzureCloudService1\csx\Debug\roles\WorkerRole1\approot\diagnostics.wadcfgx
DiagnosticsPlugin.exe Information: 0 : [04/12/2016 14:16:57] Checking VM Type
DiagnosticsPlugin.exe Information: 0 : [04/12/2016 14:16:57] Emulator config file set to c:\github\AzureCloudService1\AzureCloudService1\csx\Debug\roles\WorkerRole1\approot\diagnostics.wadcfgx
DiagnosticsPlugin.exe Information: 0 : [04/12/2016 14:16:57] Extension set to Emulator Mode
DiagnosticsPlugin.exe Information: 0 : [04/12/2016 14:16:57] Reading XML configuration file
DiagnosticsPlugin.exe Information: 0 : [04/12/2016 14:16:57] Bypassing private config decryption
DiagnosticsPlugin.exe Information: 0 : [04/12/2016 14:16:57] WadCfg is provided in initial configuration. Using that to initialize Diagnostics.
DiagnosticsPlugin.exe Information: 0 : [04/12/2016 14:16:57] <PublicConfig xmlns="http://schemas.microsoft.com/ServiceHosting/2010/10/DiagnosticsConfiguration">
  <WadCfg>
    <DiagnosticMonitorConfiguration overallQuotaInMB="4096">
      <DiagnosticInfrastructureLogs scheduledTransferLogLevelFilter="Error" />
      <Logs scheduledTransferPeriod="PT1M" scheduledTransferLogLevelFilter="Error" />
      <Directories scheduledTransferPeriod="PT1M">
        <IISLogs containerName="wad-iis-logfiles" />
        <FailedRequestLogs containerName="wad-failedrequestlogs" />
      </Directories>
      <WindowsEventLog scheduledTransferPeriod="PT1M">
        <DataSource name="Application!*[System[(Level=1 or Level=2 or Level=3)]]" />
        <DataSource name="Windows Azure!*[System[(Level=1 or Level=2 or Level=3 or Level=4)]]" />
      </WindowsEventLog>
      <CrashDumps containerName="wad-crashdumps" dumpType="Mini">
        <CrashDumpConfiguration processName="WaIISHost.exe" />
        <CrashDumpConfiguration processName="WaWorkerHost.exe" />
        <CrashDumpConfiguration processName="w3wp.exe" />
      </CrashDumps>
      <PerformanceCounters scheduledTransferPeriod="PT1M">
        <PerformanceCounterConfiguration counterSpecifier="\Memory\Available MBytes" sampleRate="PT3M" />
        <PerformanceCounterConfiguration counterSpecifier="\Web Service(_Total)\ISAPI Extension Requests/sec" sampleRate="PT3M" />
        <PerformanceCounterConfiguration counterSpecifier="\Web Service(_Total)\Bytes Total/Sec" sampleRate="PT3M" />
        <PerformanceCounterConfiguration counterSpecifier="\ASP.NET Applications(__Total__)\Requests/Sec" sampleRate="PT3M" />
        <PerformanceCounterConfiguration counterSpecifier="\ASP.NET Applications(__Total__)\Errors Total/Sec" sampleRate="PT3M" />
        <PerformanceCounterConfiguration counterSpecifier="\ASP.NET\Requests Queued" sampleRate="PT3M" />
        <PerformanceCounterConfiguration counterSpecifier="\ASP.NET\Requests Rejected" sampleRate="PT3M" />
        <PerformanceCounterConfiguration counterSpecifier="\Processor(_Total)\% Processor Time" sampleRate="PT3M" />
      </PerformanceCounters>
    </DiagnosticMonitorConfiguration>
  </WadCfg>
  <StorageAccount />
</PublicConfig>
DiagnosticsPlugin.exe Information: 0 : [04/12/2016 14:16:57] Private setting is loaded
DiagnosticsPlugin.exe Information: 0 : [04/12/2016 14:16:57] Is config json/xml loaded
DiagnosticsPlugin.exe Information: 0 : [04/12/2016 14:16:57] Checking if configuration needs to be fetched from the storage account and doing so if needed.
DiagnosticsPlugin.exe Information: 0 : [04/12/2016 14:16:57] Successfully created checkpoint file C:\Users\alex\AppData\Local\dftmp\Resources\959ccfed-947e-4dfe-9337-6efa884308e2\WAD0105\Configuration\Checkpoint.txt
DiagnosticsPlugin.exe Information: 0 : [04/12/2016 14:16:57] Will use local resource directory C:\Users\alex\AppData\Local\dftmp\Resources\959ccfed-947e-4dfe-9337-6efa884308e2\WAD0105
DiagnosticsPlugin.exe Information: 0 : [04/12/2016 14:16:57] Will use endpoint  for storage.
DiagnosticsPlugin.exe Information: 0 : [04/12/2016 14:16:57] Expanding path %SystemDrive%\inetpub\logs\LogFiles to C:\inetpub\logs\LogFiles
DiagnosticsPlugin.exe Information: 0 : [04/12/2016 14:16:57] Expanding path %SystemDrive%\inetpub\logs\FailedReqLogFiles to C:\inetpub\logs\FailedReqLogFiles
DiagnosticsPlugin.exe Information: 0 : [04/12/2016 14:16:57] Created IIS log watch item: "C:\inetpub\logs\LogFiles"
DiagnosticsPlugin.exe Information: 0 : [04/12/2016 14:16:57] Created IIS failed requests watch item: "C:\inetpub\logs\FailedReqLogFiles"
DiagnosticsPlugin.exe Information: 0 : [04/12/2016 14:16:57] Running in emulator mode, crash dumps not enabled
DiagnosticsPlugin.exe Information: 0 : [04/12/2016 14:16:57] Checking to see if Application Insights extension needs to be configured.
DiagnosticsPlugin.exe Error: 0 : [04/12/2016 14:17:28] Microsoft.Cis.Monitoring.Query.QueryException: ErrorFail
   at Microsoft.Cis.Monitoring.Query.QueryLocalTable..ctor(String TableName, String TablePath)
   at ApplicationInsightsExtension.MATableReader.ReadTableRecords(String tableName, String tablePath, DateTime startTime, DateTime endTime)
   at Microsoft.Azure.Plugins.Diagnostics.dll.MAStatusWriter.UpdateStatusReport(Object sender, ElapsedEventArgs e)
DiagnosticsPlugin.exe Error: 0 : [04/12/2016 19:11:16] Microsoft.Cis.Monitoring.Query.QueryException: ErrorFail
   at Microsoft.Cis.Monitoring.Query.QueryLocalTable..ctor(String TableName, String TablePath)
   at ApplicationInsightsExtension.MATableReader.ReadTableRecords(String tableName, String tablePath, DateTime startTime, DateTime endTime)
   at Microsoft.Azure.Plugins.Diagnostics.dll.MAStatusWriter.UpdateStatusReport(Object sender, ElapsedEventArgs e)
DiagnosticsPlugin.exe Information: 0 : [04/12/2016 19:11:17] MonAgentHost.exe started
DiagnosticsPlugin.exe Information: 0 : [04/12/2016 19:11:17] DiagnoticsPlugin started.
DiagnosticsPlugin.exe Information: 0 : [04/12/2016 19:11:17] DiagnoticsPlugin now waiting on events "DiagnosticPlugin-ShutdownEvent", "DiagnosticPlugin-TotalShutdownEvent" or "DiagnosticPlugin-RestartEvent".
DiagnosticsPlugin.exe Error: 0 : [04/12/2016 19:11:46] Microsoft.Cis.Monitoring.Query.QueryException: ErrorFail
   at Microsoft.Cis.Monitoring.Query.QueryLocalTable..ctor(String TableName, String TablePath)
   at ApplicationInsightsExtension.MATableReader.ReadTableRecords(String tableName, String tablePath, DateTime startTime, DateTime endTime)
   at Microsoft.Azure.Plugins.Diagnostics.dll.MAStatusWriter.UpdateStatusReport(Object sender, ElapsedEventArgs e)
DiagnosticsPlugin.exe Error: 0 : [04/12/2016 19:12:16] Microsoft.Cis.Monitoring.Query.QueryException: ErrorFail
   at Microsoft.Cis.Monitoring.Query.QueryLocalTable..ctor(String TableName, String TablePath)
   at ApplicationInsightsExtension.MATableReader.ReadTableRecords(String tableName, String tablePath, DateTime startTime, DateTime endTime)
   at Microsoft.Azure.Plugins.Diagnostics.dll.MAStatusWriter.UpdateStatusReport(Object sender, ElapsedEventArgs e)
DiagnosticsPlugin.exe Error: 0 : [04/12/2016 19:12:46] Microsoft.Cis.Monitoring.Query.QueryException: ErrorFail
   at Microsoft.Cis.Monitoring.Query.QueryLocalTable..ctor(String TableName, String TablePath)
   at ApplicationInsightsExtension.MATableReader.ReadTableRecords(String tableName, String tablePath, DateTime startTime, DateTime endTime)
   at Microsoft.Azure.Plugins.Diagnostics.dll.MAStatusWriter.UpdateStatusReport(Object sender, ElapsedEventArgs e)
DiagnosticsPlugin.exe Error: 0 : [04/12/2016 19:13:16] Microsoft.Cis.Monitoring.Query.QueryException: ErrorFail
   at Microsoft.Cis.Monitoring.Query.QueryLocalTable..ctor(String TableName, String TablePath)
   at ApplicationInsightsExtension.MATableReader.ReadTableRecords(String tableName, String tablePath, DateTime startTime, DateTime endTime)
   at Microsoft.Azure.Plugins.Diagnostics.dll.MAStatusWriter.UpdateStatusReport(Object sender, ElapsedEventArgs e)
DiagnosticsPlugin.exe Error: 0 : [04/12/2016 19:13:46] Microsoft.Cis.Monitoring.Query.QueryException: ErrorFail
   at Microsoft.Cis.Monitoring.Query.QueryLocalTable..ctor(String TableName, String TablePath)
   at ApplicationInsightsExtension.MATableReader.ReadTableRecords(String tableName, String tablePath, DateTime startTime, DateTime endTime)
   at Microsoft.Azure.Plugins.Diagnostics.dll.MAStatusWriter.UpdateStatusReport(Object sender, ElapsedEventArgs e)
DiagnosticsPlugin.exe Error: 0 : [04/12/2016 19:14:16] Microsoft.Cis.Monitoring.Query.QueryException: ErrorFail
   at Microsoft.Cis.Monitoring.Query.QueryLocalTable..ctor(String TableName, String TablePath)
   at ApplicationInsightsExtension.MATableReader.ReadTableRecords(String tableName, String tablePath, DateTime startTime, DateTime endTime)
   at Microsoft.Azure.Plugins.Diagnostics.dll.MAStatusWriter.UpdateStatusReport(Object sender, ElapsedEventArgs e)
DiagnosticsPlugin.exe Error: 0 : [04/12/2016 19:14:46] Microsoft.Cis.Monitoring.Query.QueryException: ErrorFail
   at Microsoft.Cis.Monitoring.Query.QueryLocalTable..ctor(String TableName, String TablePath)
   at ApplicationInsightsExtension.MATableReader.ReadTableRecords(String tableName, String tablePath, DateTime startTime, DateTime endTime)
   at Microsoft.Azure.Plugins.Diagnostics.dll.MAStatusWriter.UpdateStatusReport(Object sender, ElapsedEventArgs e)
DiagnosticsPlugin.exe Error: 0 : [04/12/2016 19:15:16] Microsoft.Cis.Monitoring.Query.QueryException: ErrorFail
   at Microsoft.Cis.Monitoring.Query.QueryLocalTable..ctor(String TableName, String TablePath)
   at ApplicationInsightsExtension.MATableReader.ReadTableRecords(String tableName, String tablePath, DateTime startTime, DateTime endTime)
   at Microsoft.Azure.Plugins.Diagnostics.dll.MAStatusWriter.UpdateStatusReport(Object sender, ElapsedEventArgs e)
DiagnosticsPlugin.exe Error: 0 : [04/12/2016 19:15:46] Microsoft.Cis.Monitoring.Query.QueryException: ErrorFail
   at Microsoft.Cis.Monitoring.Query.QueryLocalTable..ctor(String TableName, String TablePath)
   at ApplicationInsightsExtension.MATableReader.ReadTableRecords(String tableName, String tablePath, DateTime startTime, DateTime endTime)
   at Microsoft.Azure.Plugins.Diagnostics.dll.MAStatusWriter.UpdateStatusReport(Object sender, ElapsedEventArgs e)
DiagnosticsPlugin.exe Error: 0 : [04/12/2016 19:16:16] Microsoft.Cis.Monitoring.Query.QueryException: ErrorFail
   at Microsoft.Cis.Monitoring.Query.QueryLocalTable..ctor(String TableName, String TablePath)
   at ApplicationInsightsExtension.MATableReader.ReadTableRecords(String tableName, String tablePath, DateTime startTime, DateTime endTime)
   at Microsoft.Azure.Plugins.Diagnostics.dll.MAStatusWriter.UpdateStatusReport(Object sender, ElapsedEventArgs e)
DiagnosticsPlugin.exe Error: 0 : [04/12/2016 19:16:46] Microsoft.Cis.Monitoring.Query.QueryException: ErrorFail
   at Microsoft.Cis.Monitoring.Query.QueryLocalTable..ctor(String TableName, String TablePath)
   at ApplicationInsightsExtension.MATableReader.ReadTableRecords(String tableName, String tablePath, DateTime startTime, DateTime endTime)
   at Microsoft.Azure.Plugins.Diagnostics.dll.MAStatusWriter.UpdateStatusReport(Object sender, ElapsedEventArgs e)
DiagnosticsPlugin.exe Error: 0 : [04/12/2016 19:17:16] Microsoft.Cis.Monitoring.Query.QueryException: ErrorFail
   at Microsoft.Cis.Monitoring.Query.QueryLocalTable..ctor(String TableName, String TablePath)
   at ApplicationInsightsExtension.MATableReader.ReadTableRecords(String tableName, String tablePath, DateTime startTime, DateTime endTime)
   at Microsoft.Azure.Plugins.Diagnostics.dll.MAStatusWriter.UpdateStatusReport(Object sender, ElapsedEventArgs e)
DiagnosticsPlugin.exe Error: 0 : [04/12/2016 19:17:46] Microsoft.Cis.Monitoring.Query.QueryException: ErrorFail
   at Microsoft.Cis.Monitoring.Query.QueryLocalTable..ctor(String TableName, String TablePath)
   at ApplicationInsightsExtension.MATableReader.ReadTableRecords(String tableName, String tablePath, DateTime startTime, DateTime endTime)
   at Microsoft.Azure.Plugins.Diagnostics.dll.MAStatusWriter.UpdateStatusReport(Object sender, ElapsedEventArgs e)
DiagnosticsPlugin.exe Error: 0 : [04/12/2016 19:18:16] Microsoft.Cis.Monitoring.Query.QueryException: ErrorFail
   at Microsoft.Cis.Monitoring.Query.QueryLocalTable..ctor(String TableName, String TablePath)
   at ApplicationInsightsExtension.MATableReader.ReadTableRecords(String tableName, String tablePath, DateTime startTime, DateTime endTime)
   at Microsoft.Azure.Plugins.Diagnostics.dll.MAStatusWriter.UpdateStatusReport(Object sender, ElapsedEventArgs e)
DiagnosticsPlugin.exe Error: 0 : [04/12/2016 19:18:46] Microsoft.Cis.Monitoring.Query.QueryException: ErrorFail
   at Microsoft.Cis.Monitoring.Query.QueryLocalTable..ctor(String TableName, String TablePath)
   at ApplicationInsightsExtension.MATableReader.ReadTableRecords(String tableName, String tablePath, DateTime startTime, DateTime endTime)
   at Microsoft.Azure.Plugins.Diagnostics.dll.MAStatusWriter.UpdateStatusReport(Object sender, ElapsedEventArgs e)
DiagnosticsPlugin.exe Error: 0 : [04/12/2016 19:19:16] Microsoft.Cis.Monitoring.Query.QueryException: ErrorFail
   at Microsoft.Cis.Monitoring.Query.QueryLocalTable..ctor(String TableName, String TablePath)
   at ApplicationInsightsExtension.MATableReader.ReadTableRecords(String tableName, String tablePath, DateTime startTime, DateTime endTime)
   at Microsoft.Azure.Plugins.Diagnostics.dll.MAStatusWriter.UpdateStatusReport(Object sender, ElapsedEventArgs e)
DiagnosticsPlugin.exe Error: 0 : [04/12/2016 19:19:46] Microsoft.Cis.Monitoring.Query.QueryException: ErrorFail
   at Microsoft.Cis.Monitoring.Query.QueryLocalTable..ctor(String TableName, String TablePath)
   at ApplicationInsightsExtension.MATableReader.ReadTableRecords(String tableName, String tablePath, DateTime startTime, DateTime endTime)
   at Microsoft.Azure.Plugins.Diagnostics.dll.MAStatusWriter.UpdateStatusReport(Object sender, ElapsedEventArgs e)
DiagnosticsPlugin.exe Error: 0 : [04/12/2016 19:20:16] Microsoft.Cis.Monitoring.Query.QueryException: ErrorFail
   at Microsoft.Cis.Monitoring.Query.QueryLocalTable..ctor(String TableName, String TablePath)
   at ApplicationInsightsExtension.MATableReader.ReadTableRecords(String tableName, String tablePath, DateTime startTime, DateTime endTime)
   at Microsoft.Azure.Plugins.Diagnostics.dll.MAStatusWriter.UpdateStatusReport(Object sender, ElapsedEventArgs e)
DiagnosticsPlugin.exe Error: 0 : [04/12/2016 19:20:46] Microsoft.Cis.Monitoring.Query.QueryException: ErrorFail
   at Microsoft.Cis.Monitoring.Query.QueryLocalTable..ctor(String TableName, String TablePath)
   at ApplicationInsightsExtension.MATableReader.ReadTableRecords(String tableName, String tablePath, DateTime startTime, DateTime endTime)
   at Microsoft.Azure.Plugins.Diagnostics.dll.MAStatusWriter.UpdateStatusReport(Object sender, ElapsedEventArgs e)
DiagnosticsPlugin.exe Error: 0 : [04/12/2016 19:21:16] Microsoft.Cis.Monitoring.Query.QueryException: ErrorFail
   at Microsoft.Cis.Monitoring.Query.QueryLocalTable..ctor(String TableName, String TablePath)
   at ApplicationInsightsExtension.MATableReader.ReadTableRecords(String tableName, String tablePath, DateTime startTime, DateTime endTime)
   at Microsoft.Azure.Plugins.Diagnostics.dll.MAStatusWriter.UpdateStatusReport(Object sender, ElapsedEventArgs e)
DiagnosticsPlugin.exe Error: 0 : [04/12/2016 19:21:46] Microsoft.Cis.Monitoring.Query.QueryException: ErrorFail
   at Microsoft.Cis.Monitoring.Query.QueryLocalTable..ctor(String TableName, String TablePath)
   at ApplicationInsightsExtension.MATableReader.ReadTableRecords(String tableName, String tablePath, DateTime startTime, DateTime endTime)
   at Microsoft.Azure.Plugins.Diagnostics.dll.MAStatusWriter.UpdateStatusReport(Object sender, ElapsedEventArgs e)
DiagnosticsPlugin.exe Error: 0 : [04/12/2016 19:22:16] Microsoft.Cis.Monitoring.Query.QueryException: ErrorFail
   at Microsoft.Cis.Monitoring.Query.QueryLocalTable..ctor(String TableName, String TablePath)
   at ApplicationInsightsExtension.MATableReader.ReadTableRecords(String tableName, String tablePath, DateTime startTime, DateTime endTime)
   at Microsoft.Azure.Plugins.Diagnostics.dll.MAStatusWriter.UpdateStatusReport(Object sender, ElapsedEventArgs e)
DiagnosticsPlugin.exe Error: 0 : [04/12/2016 19:22:46] Microsoft.Cis.Monitoring.Query.QueryException: ErrorFail
   at Microsoft.Cis.Monitoring.Query.QueryLocalTable..ctor(String TableName, String TablePath)
   at ApplicationInsightsExtension.MATableReader.ReadTableRecords(String tableName, String tablePath, DateTime startTime, DateTime endTime)
   at Microsoft.Azure.Plugins.Diagnostics.dll.MAStatusWriter.UpdateStatusReport(Object sender, ElapsedEventArgs e)
